<?xml version="1.0" encoding="UTF-8" ?>
<testsuite failures="0" time="0.204" errors="1" skipped="0" tests="1" name="InjectedTest">
  <properties>
[...]
</properties>
  <testcase time="0.004" classname="InjectedTest" name="initializationError">
    <error message="com.sun.jna.Native.open(Ljava/lang/String;)J" type="java.lang.UnsatisfiedLinkError">java.lang.UnsatisfiedLinkError: com.sun.jna.Native.open(Ljava/lang/String;)J
	at com.sun.jna.Native.open(Native Method)
	at com.sun.jna.NativeLibrary.getInstance(NativeLibrary.java:236)
	at com.sun.jna.Library$Handler.&lt;init&gt;(Library.java:140)
	at com.sun.jna.Native.loadLibrary(Native.java:366)
	at com.sun.jna.Native.loadLibrary(Native.java:351)
	at hudson.util.jna.GNUCLibrary.&lt;clinit&gt;(GNUCLibrary.java:109)
	at org.jvnet.hudson.test.HudsonTestCase.&lt;clinit&gt;(HudsonTestCase.java:2005)
	at org.jvnet.hudson.test.JellyTestSuiteBuilder$JellyTestSuite.&lt;init&gt;(JellyTestSuiteBuilder.java:129)
	at org.jvnet.hudson.test.JellyTestSuiteBuilder$JellyTestSuite.&lt;init&gt;(JellyTestSuiteBuilder.java:128)
	at org.jvnet.hudson.test.JellyTestSuiteBuilder.build(JellyTestSuiteBuilder.java:56)
	at org.jvnet.hudson.test.PluginAutomaticTestBuilder.build(PluginAutomaticTestBuilder.java:55)
	at InjectedTest.suite(InjectedTest.java:15)
	at sun.reflect.NativeMethodAccessorImpl.invoke0(Native Method)
	at sun.reflect.NativeMethodAccessorImpl.invoke(NativeMethodAccessorImpl.java:57)
	at sun.reflect.DelegatingMethodAccessorImpl.invoke(DelegatingMethodAccessorImpl.java:43)
	at java.lang.reflect.Method.invoke(Method.java:606)
	at org.junit.internal.runners.SuiteMethod.testFromSuiteMethod(SuiteMethod.java:35)
	at org.junit.internal.runners.SuiteMethod.&lt;init&gt;(SuiteMethod.java:24)
	at org.junit.internal.builders.SuiteMethodBuilder.runnerForClass(SuiteMethodBuilder.java:11)
	at org.junit.runners.model.RunnerBuilder.safeRunnerForClass(RunnerBuilder.java:59)
	at org.junit.internal.builders.AllDefaultPossibilitiesBuilder.runnerForClass(AllDefaultPossibilitiesBuilder.java:26)
	at org.junit.runners.model.RunnerBuilder.safeRunnerForClass(RunnerBuilder.java:59)
	at org.junit.internal.requests.ClassRequest.getRunner(ClassRequest.java:26)
	at org.apache.maven.surefire.junit4.JUnit4TestSet.execute(JUnit4TestSet.java:51)
	at org.apache.maven.surefire.junit4.JUnit4Provider.executeTestSet(JUnit4Provider.java:123)
	at org.apache.maven.surefire.junit4.JUnit4Provider.invoke(JUnit4Provider.java:104)
	at sun.reflect.NativeMethodAccessorImpl.invoke0(Native Method)
	at sun.reflect.NativeMethodAccessorImpl.invoke(NativeMethodAccessorImpl.java:57)
	at sun.reflect.DelegatingMethodAccessorImpl.invoke(DelegatingMethodAccessorImpl.java:43)
	at java.lang.reflect.Method.invoke(Method.java:606)
	at org.apache.maven.surefire.util.ReflectionUtils.invokeMethodWithArray(ReflectionUtils.java:164)
	at org.apache.maven.surefire.booter.ProviderFactory$ProviderProxy.invoke(ProviderFactory.java:110)
	at org.apache.maven.surefire.booter.SurefireStarter.invokeProvider(SurefireStarter.java:172)
	at org.apache.maven.surefire.booter.SurefireStarter.runSuitesInProcessWhenForked(SurefireStarter.java:104)
	at org.apache.maven.surefire.booter.ForkedBooter.main(ForkedBooter.java:70)
</error>
  </testcase>
</testsuite>